<?xml version="1.0" encoding="UTF-8"?>
<testng-results ignored="0" total="1" passed="1" failed="0" skipped="0">
  <reporter-output>
  </reporter-output>
  <suite started-at="2024-12-30T20:47:38 IST" name="Default suite" finished-at="2024-12-30T20:49:40 IST" duration-ms="121621">
    <groups>
    </groups>
    <test started-at="2024-12-30T20:47:38 IST" name="Default test" finished-at="2024-12-30T20:49:40 IST" duration-ms="121621">
      <class name="testpkg.CookieTest">
        <test-method is-config="true" signature="setUp()[pri:0, instance:testpkg.CookieTest@74d1dc36]" started-at="2024-12-30T20:47:38 IST" name="setUp" finished-at="2024-12-30T20:48:33 IST" duration-ms="55224" status="PASS">
          <reporter-output>
          </reporter-output>
        </test-method> <!-- setUp -->
        <test-method signature="testCookieman()[pri:0, instance:testpkg.CookieTest@74d1dc36]" started-at="2024-12-30T20:48:34 IST" name="testCookieman" finished-at="2024-12-30T20:49:40 IST" duration-ms="65587" status="PASS">
          <reporter-output>
          </reporter-output>
        </test-method> <!-- testCookieman -->
      </class> <!-- testpkg.CookieTest -->
    </test> <!-- Default test -->
  </suite> <!-- Default suite -->
</testng-results>
